<?xml version="1.0" encoding="utf-8"?>
<TestRun id="dc46a280-354d-42e1-a07a-cb6b2a0369f7" name="@DSdeMac-Studio 2026-04-18 09:48:25" xmlns="http://microsoft.com/schemas/VisualStudio/TeamTest/2010">
  <Times creation="2026-04-18T09:48:25.1112380+08:00" queuing="2026-04-18T09:48:25.1112380+08:00" start="2026-04-18T09:48:24.5207150+08:00" finish="2026-04-18T09:48:25.1135680+08:00" />
  <TestSettings name="default" id="95a012e8-93fc-4a2a-ac59-25212b7c486d">
    <Deployment runDeploymentRoot="_DSdeMac-Studio_2026-04-18_09_48_25" />
  </TestSettings>
  <Results>
    <UnitTestResult executionId="34dbdd49-d38a-4f5f-a754-2edad68ba951" testId="73eca70d-9a0b-af9d-a6da-0e9a58e678a9" testName="Z42.Tests.GoldenTests.RunMatchesExpected(name: &quot;run/49_stringbuilder&quot;, dir: &quot;/Users/d.s.qiu/Documents/codesigner-ui/z42/src/run&quot;···)" computerName="DSdeMac-Studio" duration="00:00:00.1284434" startTime="2026-04-18T09:48:24.9256970+08:00" endTime="2026-04-18T09:48:25.0581160+08:00" testType="13cdc9d9-ddb5-4fa4-a97d-d965ccfc6d4b" outcome="Failed" testListId="8c84fa94-04c1-424b-9868-57a2d4851a1d" relativeResultsDirectory="34dbdd49-d38a-4f5f-a754-2edad68ba951">
      <Output>
        <ErrorInfo>
          <Message>Expected proc.ExitCode to be 0 because test 'run/49_stringbuilder' VM should exit cleanly (stderr: Error: VCall: no implementation of `AppendLine` in hierarchy of `Std.Text.StringBuilder`
), but found 1 (difference of 1).</Message>
          <StackTrace>   at FluentAssertions.Execution.LateBoundTestFramework.Throw(String message)
   at FluentAssertions.Execution.DefaultAssertionStrategy.HandleFailure(String message)
   at FluentAssertions.Execution.AssertionScope.AddPreFormattedFailure(String formattedFailureMessage)
   at FluentAssertions.Execution.AssertionChain.FailWith(Func`1 getFailureReason)
   at FluentAssertions.Execution.AssertionChain.FailWith(Func`1 getFailureReason)
   at FluentAssertions.Execution.AssertionChain.FailWith(String message, Object[] args)
   at FluentAssertions.Numeric.NumericAssertionsBase`3.Be(T expected, String because, Object[] becauseArgs)
   at Z42.Tests.GoldenTests.RunMatchesExpected(String name, String dir) in /Users/d.s.qiu/Documents/codesigner-ui/z42/src/compiler/z42.Tests/GoldenTests.cs:line 330
   at System.Reflection.MethodBaseInvoker.InterpretedInvoke_Method(Object obj, IntPtr* args)
   at System.Reflection.MethodBaseInvoker.InvokeDirectByRefWithFewArgs(Object obj, Span`1 copyOfArgs, BindingFlags invokeAttr)</StackTrace>
        </ErrorInfo>
      </Output>
    </UnitTestResult>
  </Results>
  <TestDefinitions>
    <UnitTest name="Z42.Tests.GoldenTests.RunMatchesExpected(name: &quot;run/49_stringbuilder&quot;, dir: &quot;/Users/d.s.qiu/Documents/codesigner-ui/z42/src/run&quot;···)" storage="/users/d.s.qiu/documents/codesigner-ui/z42/artifacts/compiler/z42.tests/bin/debug/net10.0/z42.tests.dll" id="73eca70d-9a0b-af9d-a6da-0e9a58e678a9">
      <Execution id="34dbdd49-d38a-4f5f-a754-2edad68ba951" />
      <TestMethod codeBase="/Users/d.s.qiu/Documents/codesigner-ui/z42/artifacts/compiler/z42.Tests/bin/Debug/net10.0/z42.Tests.dll" adapterTypeName="executor://xunit/VsTestRunner3/netcore/" className="Z42.Tests.GoldenTests" name="RunMatchesExpected" />
    </UnitTest>
  </TestDefinitions>
  <TestEntries>
    <TestEntry testId="73eca70d-9a0b-af9d-a6da-0e9a58e678a9" executionId="34dbdd49-d38a-4f5f-a754-2edad68ba951" testListId="8c84fa94-04c1-424b-9868-57a2d4851a1d" />
  </TestEntries>
  <TestLists>
    <TestList name="Results Not in a List" id="8c84fa94-04c1-424b-9868-57a2d4851a1d" />
    <TestList name="All Loaded Results" id="19431567-8539-422a-85d7-44ee4e166bda" />
  </TestLists>
  <ResultSummary outcome="Failed">
    <Counters total="1" executed="1" passed="0" failed="1" error="0" timeout="0" aborted="0" inconclusive="0" passedButRunAborted="0" notRunnable="0" notExecuted="0" disconnected="0" warning="0" completed="0" inProgress="0" pending="0" />
    <Output>
      <StdOut>[xUnit.net 00:00:00.00] xUnit.net VSTest Adapter v3.1.4+50e68bbb8b (64-bit .NET 10.0.2)
[xUnit.net 00:00:00.04]   Discovering: z42.Tests
[xUnit.net 00:00:00.10]   Discovered:  z42.Tests
[xUnit.net 00:00:00.12]   Starting:    z42.Tests
     Warning:
     The component "Fluent Assertions" is governed by the rules defined in the Xceed License Agreement and
     the Xceed Fluent Assertions Community License. You may use Fluent Assertions free of charge for
     non-commercial use only. An active subscription is required to use Fluent Assertions for commercial use.
     Please contact Xceed Sales mailto:sales@xceed.com to acquire a subscription at a very low cost.
     A paid commercial license supports the development and continued increasing support of
     Fluent Assertions users under both commercial and community licenses. Help us
     keep Fluent Assertions at the forefront of unit testing.
     For more information, visit https://xceed.com/products/unit-testing/fluent-assertions/
[xUnit.net 00:00:00.26]       Expected proc.ExitCode to be 0 because test 'run/49_stringbuilder' VM should exit cleanly (stderr: Error: VCall: no implementation of `AppendLine` in hierarchy of `Std.Text.StringBuilder`
[xUnit.net 00:00:00.26]       ), but found 1 (difference of 1).
[xUnit.net 00:00:00.26]       Stack Trace:
[xUnit.net 00:00:00.26]            at FluentAssertions.Execution.LateBoundTestFramework.Throw(String message)
[xUnit.net 00:00:00.26]            at FluentAssertions.Execution.DefaultAssertionStrategy.HandleFailure(String message)
[xUnit.net 00:00:00.26]            at FluentAssertions.Execution.AssertionScope.AddPreFormattedFailure(String formattedFailureMessage)
[xUnit.net 00:00:00.26]            at FluentAssertions.Execution.AssertionChain.FailWith(Func`1 getFailureReason)
[xUnit.net 00:00:00.26]            at FluentAssertions.Execution.AssertionChain.FailWith(Func`1 getFailureReason)
[xUnit.net 00:00:00.26]            at FluentAssertions.Execution.AssertionChain.FailWith(String message, Object[] args)
[xUnit.net 00:00:00.26]            at FluentAssertions.Numeric.NumericAssertionsBase`3.Be(T expected, String because, Object[] becauseArgs)
[xUnit.net 00:00:00.26]         /Users/d.s.qiu/Documents/codesigner-ui/z42/src/compiler/z42.Tests/GoldenTests.cs(330,0): at Z42.Tests.GoldenTests.RunMatchesExpected(String name, String dir)
[xUnit.net 00:00:00.26]            at System.Reflection.MethodBaseInvoker.InterpretedInvoke_Method(Object obj, IntPtr* args)
[xUnit.net 00:00:00.26]            at System.Reflection.MethodBaseInvoker.InvokeDirectByRefWithFewArgs(Object obj, Span`1 copyOfArgs, BindingFlags invokeAttr)
[xUnit.net 00:00:00.27]   Finished:    z42.Tests
</StdOut>
    </Output>
    <RunInfos>
      <RunInfo computerName="DSdeMac-Studio" outcome="Error" timestamp="2026-04-18T09:48:25.0596360+08:00">
        <Text>[xUnit.net 00:00:00.26]     Z42.Tests.GoldenTests.RunMatchesExpected(name: "run/49_stringbuilder", dir: "/Users/d.s.qiu/Documents/codesigner-ui/z42/src/run"···) [FAIL]</Text>
      </RunInfo>
    </RunInfos>
  </ResultSummary>
</TestRun>